2024-01-31 16:52:56,006 INFO o.s.b.StartupInfoLogger [main] Starting GeneratorApplication v0.0.1-SNAPSHOT using Java 17.0.9 with PID 3512 (/mnt/c/ScalableSystemsDesign/git_repo/ad-click-aggregation/ad-click-aggregation/generator/target/generator-0.0.1-SNAPSHOT.jar started by meetkrutik in /mnt/c/ScalableSystemsDesign/git_repo/ad-click-aggregation/ad-click-aggregation/generator)
2024-01-31 16:52:56,022 INFO o.s.b.SpringApplication [main] No active profile set, falling back to 1 default profile: "default"
2024-01-31 16:52:57,199 INFO o.s.b.w.e.t.TomcatWebServer [main] Tomcat initialized with port 8001 (http)
2024-01-31 16:52:57,208 INFO o.a.j.l.DirectJDKLog [main] Initializing ProtocolHandler ["http-nio-8001"]
2024-01-31 16:52:57,210 INFO o.a.j.l.DirectJDKLog [main] Starting service [Tomcat]
2024-01-31 16:52:57,211 INFO o.a.j.l.DirectJDKLog [main] Starting Servlet engine: [Apache Tomcat/10.1.18]
2024-01-31 16:52:57,249 INFO o.a.j.l.DirectJDKLog [main] Initializing Spring embedded WebApplicationContext
2024-01-31 16:52:57,251 INFO o.s.b.w.s.c.ServletWebServerApplicationContext [main] Root WebApplicationContext: initialization completed in 1145 ms
2024-01-31 16:52:57,386 DEBUG o.s.w.f.GenericFilterBean [main] Filter 'webMvcObservationFilter' configured for use
2024-01-31 16:52:57,553 DEBUG o.s.w.s.h.AbstractHandlerMethodMapping [main] 2 mappings in 'requestMappingHandlerMapping'
2024-01-31 16:52:57,603 DEBUG o.s.w.s.h.SimpleUrlHandlerMapping [main] Patterns [/webjars/**, /**] in 'resourceHandlerMapping'
2024-01-31 16:52:57,625 DEBUG o.s.w.s.m.m.a.RequestMappingHandlerAdapter [main] ControllerAdvice beans: 0 @ModelAttribute, 0 @InitBinder, 1 RequestBodyAdvice, 1 ResponseBodyAdvice
2024-01-31 16:52:57,668 DEBUG o.s.w.s.m.m.a.ExceptionHandlerExceptionResolver [main] ControllerAdvice beans: 0 @ExceptionHandler, 1 ResponseBodyAdvice
2024-01-31 16:52:57,883 INFO o.s.b.a.e.w.EndpointLinksResolver [main] Exposing 1 endpoint(s) beneath base path '/actuator'
2024-01-31 16:52:57,934 INFO o.a.k.c.c.AbstractConfig [main] AdminClientConfig values: 
	auto.include.jmx.reporter = true
	bootstrap.servers = [[::1]:9092]
	client.dns.lookup = use_all_dns_ips
	client.id = 
	connections.max.idle.ms = 300000
	default.api.timeout.ms = 60000
	metadata.max.age.ms = 300000
	metric.reporters = []
	metrics.num.samples = 2
	metrics.recording.level = INFO
	metrics.sample.window.ms = 30000
	receive.buffer.bytes = 65536
	reconnect.backoff.max.ms = 1000
	reconnect.backoff.ms = 50
	request.timeout.ms = 30000
	retries = 2147483647
	retry.backoff.ms = 100
	sasl.client.callback.handler.class = null
	sasl.jaas.config = null
	sasl.kerberos.kinit.cmd = /usr/bin/kinit
	sasl.kerberos.min.time.before.relogin = 60000
	sasl.kerberos.service.name = null
	sasl.kerberos.ticket.renew.jitter = 0.05
	sasl.kerberos.ticket.renew.window.factor = 0.8
	sasl.login.callback.handler.class = null
	sasl.login.class = null
	sasl.login.connect.timeout.ms = null
	sasl.login.read.timeout.ms = null
	sasl.login.refresh.buffer.seconds = 300
	sasl.login.refresh.min.period.seconds = 60
	sasl.login.refresh.window.factor = 0.8
	sasl.login.refresh.window.jitter = 0.05
	sasl.login.retry.backoff.max.ms = 10000
	sasl.login.retry.backoff.ms = 100
	sasl.mechanism = GSSAPI
	sasl.oauthbearer.clock.skew.seconds = 30
	sasl.oauthbearer.expected.audience = null
	sasl.oauthbearer.expected.issuer = null
	sasl.oauthbearer.jwks.endpoint.refresh.ms = 3600000
	sasl.oauthbearer.jwks.endpoint.retry.backoff.max.ms = 10000
	sasl.oauthbearer.jwks.endpoint.retry.backoff.ms = 100
	sasl.oauthbearer.jwks.endpoint.url = null
	sasl.oauthbearer.scope.claim.name = scope
	sasl.oauthbearer.sub.claim.name = sub
	sasl.oauthbearer.token.endpoint.url = null
	security.protocol = PLAINTEXT
	security.providers = null
	send.buffer.bytes = 131072
	socket.connection.setup.timeout.max.ms = 30000
	socket.connection.setup.timeout.ms = 10000
	ssl.cipher.suites = null
	ssl.enabled.protocols = [TLSv1.2, TLSv1.3]
	ssl.endpoint.identification.algorithm = https
	ssl.engine.factory.class = null
	ssl.key.password = null
	ssl.keymanager.algorithm = SunX509
	ssl.keystore.certificate.chain = null
	ssl.keystore.key = null
	ssl.keystore.location = null
	ssl.keystore.password = null
	ssl.keystore.type = JKS
	ssl.protocol = TLSv1.3
	ssl.provider = null
	ssl.secure.random.implementation = null
	ssl.trustmanager.algorithm = PKIX
	ssl.truststore.certificates = null
	ssl.truststore.location = null
	ssl.truststore.password = null
	ssl.truststore.type = JKS

2024-01-31 16:52:58,019 INFO o.a.k.c.u.AppInfoParser$AppInfo [main] Kafka version: 3.6.1
2024-01-31 16:52:58,019 INFO o.a.k.c.u.AppInfoParser$AppInfo [main] Kafka commitId: 5e3c2b738d253ff5
2024-01-31 16:52:58,019 INFO o.a.k.c.u.AppInfoParser$AppInfo [main] Kafka startTimeMs: 1706748778015
2024-01-31 16:52:58,335 INFO o.a.k.c.u.AppInfoParser [kafka-admin-client-thread | adminclient-1] App info kafka.admin.client for adminclient-1 unregistered
2024-01-31 16:52:58,341 INFO o.a.k.c.m.Metrics [kafka-admin-client-thread | adminclient-1] Metrics scheduler closed
2024-01-31 16:52:58,342 INFO o.a.k.c.m.Metrics [kafka-admin-client-thread | adminclient-1] Closing reporter org.apache.kafka.common.metrics.JmxReporter
2024-01-31 16:52:58,342 INFO o.a.k.c.m.Metrics [kafka-admin-client-thread | adminclient-1] Metrics reporters closed
2024-01-31 16:52:58,377 INFO o.a.j.l.DirectJDKLog [main] Starting ProtocolHandler ["http-nio-8001"]
2024-01-31 16:52:58,399 INFO o.s.b.w.e.t.TomcatWebServer [main] Tomcat started on port 8001 (http) with context path ''
2024-01-31 16:52:58,411 INFO o.s.b.StartupInfoLogger [main] Started GeneratorApplication in 2.935 seconds (process running for 3.663)
2024-01-31 16:52:58,441 INFO o.a.k.c.c.AbstractConfig [main] ProducerConfig values: 
	acks = -1
	auto.include.jmx.reporter = true
	batch.size = 16384
	bootstrap.servers = [[::1]:9092]
	buffer.memory = 33554432
	client.dns.lookup = use_all_dns_ips
	client.id = producer-1
	compression.type = none
	connections.max.idle.ms = 540000
	delivery.timeout.ms = 120000
	enable.idempotence = true
	interceptor.classes = []
	key.serializer = class org.apache.kafka.common.serialization.StringSerializer
	linger.ms = 0
	max.block.ms = 60000
	max.in.flight.requests.per.connection = 5
	max.request.size = 1048576
	metadata.max.age.ms = 300000
	metadata.max.idle.ms = 300000
	metric.reporters = []
	metrics.num.samples = 2
	metrics.recording.level = INFO
	metrics.sample.window.ms = 30000
	partitioner.adaptive.partitioning.enable = true
	partitioner.availability.timeout.ms = 0
	partitioner.class = null
	partitioner.ignore.keys = false
	receive.buffer.bytes = 32768
	reconnect.backoff.max.ms = 1000
	reconnect.backoff.ms = 50
	request.timeout.ms = 30000
	retries = 2147483647
	retry.backoff.ms = 100
	sasl.client.callback.handler.class = null
	sasl.jaas.config = null
	sasl.kerberos.kinit.cmd = /usr/bin/kinit
	sasl.kerberos.min.time.before.relogin = 60000
	sasl.kerberos.service.name = null
	sasl.kerberos.ticket.renew.jitter = 0.05
	sasl.kerberos.ticket.renew.window.factor = 0.8
	sasl.login.callback.handler.class = null
	sasl.login.class = null
	sasl.login.connect.timeout.ms = null
	sasl.login.read.timeout.ms = null
	sasl.login.refresh.buffer.seconds = 300
	sasl.login.refresh.min.period.seconds = 60
	sasl.login.refresh.window.factor = 0.8
	sasl.login.refresh.window.jitter = 0.05
	sasl.login.retry.backoff.max.ms = 10000
	sasl.login.retry.backoff.ms = 100
	sasl.mechanism = GSSAPI
	sasl.oauthbearer.clock.skew.seconds = 30
	sasl.oauthbearer.expected.audience = null
	sasl.oauthbearer.expected.issuer = null
	sasl.oauthbearer.jwks.endpoint.refresh.ms = 3600000
	sasl.oauthbearer.jwks.endpoint.retry.backoff.max.ms = 10000
	sasl.oauthbearer.jwks.endpoint.retry.backoff.ms = 100
	sasl.oauthbearer.jwks.endpoint.url = null
	sasl.oauthbearer.scope.claim.name = scope
	sasl.oauthbearer.sub.claim.name = sub
	sasl.oauthbearer.token.endpoint.url = null
	security.protocol = PLAINTEXT
	security.providers = null
	send.buffer.bytes = 131072
	socket.connection.setup.timeout.max.ms = 30000
	socket.connection.setup.timeout.ms = 10000
	ssl.cipher.suites = null
	ssl.enabled.protocols = [TLSv1.2, TLSv1.3]
	ssl.endpoint.identification.algorithm = https
	ssl.engine.factory.class = null
	ssl.key.password = null
	ssl.keymanager.algorithm = SunX509
	ssl.keystore.certificate.chain = null
	ssl.keystore.key = null
	ssl.keystore.location = null
	ssl.keystore.password = null
	ssl.keystore.type = JKS
	ssl.protocol = TLSv1.3
	ssl.provider = null
	ssl.secure.random.implementation = null
	ssl.trustmanager.algorithm = PKIX
	ssl.truststore.certificates = null
	ssl.truststore.location = null
	ssl.truststore.password = null
	ssl.truststore.type = JKS
	transaction.timeout.ms = 60000
	transactional.id = null
	value.serializer = class org.springframework.kafka.support.serializer.JsonSerializer

2024-01-31 16:52:58,460 INFO o.a.k.c.p.KafkaProducer [main] [Producer clientId=producer-1] Instantiated an idempotent producer.
2024-01-31 16:52:58,487 INFO o.a.k.c.u.AppInfoParser$AppInfo [main] Kafka version: 3.6.1
2024-01-31 16:52:58,488 INFO o.a.k.c.u.AppInfoParser$AppInfo [main] Kafka commitId: 5e3c2b738d253ff5
2024-01-31 16:52:58,488 INFO o.a.k.c.u.AppInfoParser$AppInfo [main] Kafka startTimeMs: 1706748778487
2024-01-31 16:52:58,499 INFO o.a.k.c.Metadata [kafka-producer-network-thread | producer-1] [Producer clientId=producer-1] Cluster ID: 3Y3kSt74RW-gbub5wl1cWA
2024-01-31 16:52:58,500 INFO o.a.k.c.p.i.TransactionManager [kafka-producer-network-thread | producer-1] [Producer clientId=producer-1] ProducerId set to 5 with epoch 0
2024-01-31 16:52:58,551 INFO c.j.a.g.GeneratorApplication [main] Sent message= adId = [1] and timestamp = 28445812
2024-01-31 16:52:59,553 INFO c.j.a.g.GeneratorApplication [main] Sent message= adId = [0] and timestamp = 28445812
2024-01-31 16:53:00,555 INFO c.j.a.g.GeneratorApplication [main] Sent message= adId = [0] and timestamp = 28445813
2024-01-31 16:53:01,557 INFO c.j.a.g.GeneratorApplication [main] Sent message= adId = [0] and timestamp = 28445813
2024-01-31 16:53:02,559 INFO c.j.a.g.GeneratorApplication [main] Sent message= adId = [2] and timestamp = 28445813
2024-01-31 16:53:03,561 INFO c.j.a.g.GeneratorApplication [main] Sent message= adId = [0] and timestamp = 28445813
2024-01-31 16:53:04,563 INFO c.j.a.g.GeneratorApplication [main] Sent message= adId = [0] and timestamp = 28445813
2024-01-31 16:53:05,565 INFO c.j.a.g.GeneratorApplication [main] Sent message= adId = [0] and timestamp = 28445813
2024-01-31 16:53:06,567 INFO c.j.a.g.GeneratorApplication [main] Sent message= adId = [0] and timestamp = 28445813
2024-01-31 16:53:07,568 INFO c.j.a.g.GeneratorApplication [main] Sent message= adId = [0] and timestamp = 28445813
2024-01-31 16:53:08,570 INFO c.j.a.g.GeneratorApplication [main] Sent message= adId = [0] and timestamp = 28445813
2024-01-31 16:53:09,571 INFO c.j.a.g.GeneratorApplication [main] Sent message= adId = [0] and timestamp = 28445813
2024-01-31 16:53:10,572 INFO c.j.a.g.GeneratorApplication [main] Sent message= adId = [0] and timestamp = 28445813
2024-01-31 16:53:11,574 INFO c.j.a.g.GeneratorApplication [main] Sent message= adId = [2] and timestamp = 28445813
2024-01-31 16:53:12,575 INFO c.j.a.g.GeneratorApplication [main] Sent message= adId = [0] and timestamp = 28445813
2024-01-31 16:53:13,577 INFO c.j.a.g.GeneratorApplication [main] Sent message= adId = [0] and timestamp = 28445813
2024-01-31 16:53:14,579 INFO c.j.a.g.GeneratorApplication [main] Sent message= adId = [0] and timestamp = 28445813
2024-01-31 16:53:15,580 INFO c.j.a.g.GeneratorApplication [main] Sent message= adId = [2] and timestamp = 28445813
2024-01-31 16:53:16,582 INFO c.j.a.g.GeneratorApplication [main] Sent message= adId = [2] and timestamp = 28445813
2024-01-31 16:53:17,583 INFO c.j.a.g.GeneratorApplication [main] Sent message= adId = [2] and timestamp = 28445813
2024-01-31 16:53:18,585 INFO c.j.a.g.GeneratorApplication [main] Sent message= adId = [2] and timestamp = 28445813
2024-01-31 16:53:19,586 INFO c.j.a.g.GeneratorApplication [main] Sent message= adId = [0] and timestamp = 28445813
2024-01-31 16:53:20,587 INFO c.j.a.g.GeneratorApplication [main] Sent message= adId = [1] and timestamp = 28445813
2024-01-31 16:53:21,589 INFO c.j.a.g.GeneratorApplication [main] Sent message= adId = [0] and timestamp = 28445813
2024-01-31 16:53:22,590 INFO c.j.a.g.GeneratorApplication [main] Sent message= adId = [0] and timestamp = 28445813
2024-01-31 16:53:23,592 INFO c.j.a.g.GeneratorApplication [main] Sent message= adId = [0] and timestamp = 28445813
2024-01-31 16:53:24,594 INFO c.j.a.g.GeneratorApplication [main] Sent message= adId = [2] and timestamp = 28445813
2024-01-31 16:53:25,595 INFO c.j.a.g.GeneratorApplication [main] Sent message= adId = [0] and timestamp = 28445813
2024-01-31 16:53:26,596 INFO c.j.a.g.GeneratorApplication [main] Sent message= adId = [2] and timestamp = 28445813
2024-01-31 16:53:27,598 INFO c.j.a.g.GeneratorApplication [main] Sent message= adId = [0] and timestamp = 28445813
2024-01-31 16:53:28,599 INFO c.j.a.g.GeneratorApplication [main] Sent message= adId = [0] and timestamp = 28445813
2024-01-31 16:53:29,601 INFO c.j.a.g.GeneratorApplication [main] Sent message= adId = [1] and timestamp = 28445813
2024-01-31 16:53:30,602 INFO c.j.a.g.GeneratorApplication [main] Sent message= adId = [2] and timestamp = 28445813
2024-01-31 16:53:31,604 INFO c.j.a.g.GeneratorApplication [main] Sent message= adId = [2] and timestamp = 28445813
2024-01-31 16:53:32,605 INFO c.j.a.g.GeneratorApplication [main] Sent message= adId = [1] and timestamp = 28445813
2024-01-31 16:53:33,607 INFO c.j.a.g.GeneratorApplication [main] Sent message= adId = [0] and timestamp = 28445813
2024-01-31 16:53:34,608 INFO c.j.a.g.GeneratorApplication [main] Sent message= adId = [2] and timestamp = 28445813
2024-01-31 16:53:35,609 INFO c.j.a.g.GeneratorApplication [main] Sent message= adId = [1] and timestamp = 28445813
2024-01-31 16:53:36,610 INFO c.j.a.g.GeneratorApplication [main] Sent message= adId = [0] and timestamp = 28445813
2024-01-31 16:53:37,611 INFO c.j.a.g.GeneratorApplication [main] Sent message= adId = [1] and timestamp = 28445813
2024-01-31 16:53:38,613 INFO c.j.a.g.GeneratorApplication [main] Sent message= adId = [1] and timestamp = 28445813
2024-01-31 16:53:39,614 INFO c.j.a.g.GeneratorApplication [main] Sent message= adId = [0] and timestamp = 28445813
2024-01-31 16:53:40,615 INFO c.j.a.g.GeneratorApplication [main] Sent message= adId = [0] and timestamp = 28445813
2024-01-31 16:53:41,616 INFO c.j.a.g.GeneratorApplication [main] Sent message= adId = [1] and timestamp = 28445813
2024-01-31 16:53:42,618 INFO c.j.a.g.GeneratorApplication [main] Sent message= adId = [1] and timestamp = 28445813
2024-01-31 16:53:43,619 INFO c.j.a.g.GeneratorApplication [main] Sent message= adId = [2] and timestamp = 28445813
2024-01-31 16:53:44,620 INFO c.j.a.g.GeneratorApplication [main] Sent message= adId = [0] and timestamp = 28445813
2024-01-31 16:53:45,621 INFO c.j.a.g.GeneratorApplication [main] Sent message= adId = [2] and timestamp = 28445813
2024-01-31 16:53:46,622 INFO c.j.a.g.GeneratorApplication [main] Sent message= adId = [0] and timestamp = 28445813
2024-01-31 16:53:47,624 INFO c.j.a.g.GeneratorApplication [main] Sent message= adId = [0] and timestamp = 28445813
2024-01-31 16:53:48,625 INFO c.j.a.g.GeneratorApplication [main] Sent message= adId = [0] and timestamp = 28445813
2024-01-31 16:53:49,626 INFO c.j.a.g.GeneratorApplication [main] Sent message= adId = [2] and timestamp = 28445813
2024-01-31 16:53:50,627 INFO c.j.a.g.GeneratorApplication [main] Sent message= adId = [2] and timestamp = 28445813
2024-01-31 16:53:51,628 INFO c.j.a.g.GeneratorApplication [main] Sent message= adId = [0] and timestamp = 28445813
2024-01-31 16:53:52,630 INFO c.j.a.g.GeneratorApplication [main] Sent message= adId = [0] and timestamp = 28445813
2024-01-31 16:53:53,631 INFO c.j.a.g.GeneratorApplication [main] Sent message= adId = [1] and timestamp = 28445813
2024-01-31 16:53:54,632 INFO c.j.a.g.GeneratorApplication [main] Sent message= adId = [2] and timestamp = 28445813
2024-01-31 16:53:55,633 INFO c.j.a.g.GeneratorApplication [main] Sent message= adId = [2] and timestamp = 28445813
2024-01-31 16:53:56,635 INFO c.j.a.g.GeneratorApplication [main] Sent message= adId = [1] and timestamp = 28445813
2024-01-31 16:53:57,636 INFO c.j.a.g.GeneratorApplication [main] Sent message= adId = [2] and timestamp = 28445813
2024-01-31 16:53:58,637 INFO c.j.a.g.GeneratorApplication [main] Sent message= adId = [0] and timestamp = 28445813
2024-01-31 16:53:59,638 INFO c.j.a.g.GeneratorApplication [main] Sent message= adId = [1] and timestamp = 28445813
2024-01-31 16:54:00,639 INFO c.j.a.g.GeneratorApplication [main] Sent message= adId = [0] and timestamp = 28445814
2024-01-31 16:54:01,641 INFO c.j.a.g.GeneratorApplication [main] Sent message= adId = [0] and timestamp = 28445814
2024-01-31 16:54:02,642 INFO c.j.a.g.GeneratorApplication [main] Sent message= adId = [2] and timestamp = 28445814
2024-01-31 16:54:03,643 INFO c.j.a.g.GeneratorApplication [main] Sent message= adId = [2] and timestamp = 28445814
2024-01-31 16:54:04,645 INFO c.j.a.g.GeneratorApplication [main] Sent message= adId = [2] and timestamp = 28445814
2024-01-31 16:54:05,646 INFO c.j.a.g.GeneratorApplication [main] Sent message= adId = [2] and timestamp = 28445814
2024-01-31 16:54:06,647 INFO c.j.a.g.GeneratorApplication [main] Sent message= adId = [2] and timestamp = 28445814
2024-01-31 16:54:07,649 INFO c.j.a.g.GeneratorApplication [main] Sent message= adId = [1] and timestamp = 28445814
2024-01-31 16:54:08,650 INFO c.j.a.g.GeneratorApplication [main] Sent message= adId = [0] and timestamp = 28445814
2024-01-31 16:54:09,651 INFO c.j.a.g.GeneratorApplication [main] Sent message= adId = [1] and timestamp = 28445814
2024-01-31 16:54:10,652 INFO c.j.a.g.GeneratorApplication [main] Sent message= adId = [1] and timestamp = 28445814
2024-01-31 16:54:11,654 INFO c.j.a.g.GeneratorApplication [main] Sent message= adId = [2] and timestamp = 28445814
2024-01-31 16:54:12,655 INFO c.j.a.g.GeneratorApplication [main] Sent message= adId = [2] and timestamp = 28445814
2024-01-31 16:54:13,656 INFO c.j.a.g.GeneratorApplication [main] Sent message= adId = [2] and timestamp = 28445814
2024-01-31 16:54:14,657 INFO c.j.a.g.GeneratorApplication [main] Sent message= adId = [1] and timestamp = 28445814
2024-01-31 16:54:15,658 INFO c.j.a.g.GeneratorApplication [main] Sent message= adId = [1] and timestamp = 28445814
2024-01-31 16:54:16,660 INFO c.j.a.g.GeneratorApplication [main] Sent message= adId = [1] and timestamp = 28445814
2024-01-31 16:54:17,662 INFO c.j.a.g.GeneratorApplication [main] Sent message= adId = [2] and timestamp = 28445814
2024-01-31 16:54:18,664 INFO c.j.a.g.GeneratorApplication [main] Sent message= adId = [1] and timestamp = 28445814
2024-01-31 16:54:19,666 INFO c.j.a.g.GeneratorApplication [main] Sent message= adId = [0] and timestamp = 28445814
2024-01-31 16:54:20,667 INFO c.j.a.g.GeneratorApplication [main] Sent message= adId = [1] and timestamp = 28445814
2024-01-31 16:54:21,668 INFO c.j.a.g.GeneratorApplication [main] Sent message= adId = [1] and timestamp = 28445814
2024-01-31 16:54:22,670 INFO c.j.a.g.GeneratorApplication [main] Sent message= adId = [0] and timestamp = 28445814
2024-01-31 16:54:23,672 INFO c.j.a.g.GeneratorApplication [main] Sent message= adId = [2] and timestamp = 28445814
2024-01-31 16:54:24,673 INFO c.j.a.g.GeneratorApplication [main] Sent message= adId = [2] and timestamp = 28445814
2024-01-31 16:54:25,674 INFO c.j.a.g.GeneratorApplication [main] Sent message= adId = [0] and timestamp = 28445814
2024-01-31 16:54:26,676 INFO c.j.a.g.GeneratorApplication [main] Sent message= adId = [1] and timestamp = 28445814
2024-01-31 16:54:27,678 INFO c.j.a.g.GeneratorApplication [main] Sent message= adId = [2] and timestamp = 28445814
2024-01-31 16:54:28,681 INFO c.j.a.g.GeneratorApplication [main] Sent message= adId = [1] and timestamp = 28445814
2024-01-31 16:54:29,682 INFO c.j.a.g.GeneratorApplication [main] Sent message= adId = [2] and timestamp = 28445814
2024-01-31 16:54:30,683 INFO c.j.a.g.GeneratorApplication [main] Sent message= adId = [1] and timestamp = 28445814
2024-01-31 16:54:31,684 INFO c.j.a.g.GeneratorApplication [main] Sent message= adId = [0] and timestamp = 28445814
2024-01-31 16:54:32,685 INFO c.j.a.g.GeneratorApplication [main] Sent message= adId = [2] and timestamp = 28445814
2024-01-31 16:54:33,686 INFO c.j.a.g.GeneratorApplication [main] Sent message= adId = [0] and timestamp = 28445814
2024-01-31 16:54:34,688 INFO c.j.a.g.GeneratorApplication [main] Sent message= adId = [0] and timestamp = 28445814
2024-01-31 16:54:35,689 INFO c.j.a.g.GeneratorApplication [main] Sent message= adId = [2] and timestamp = 28445814
2024-01-31 16:54:36,690 INFO c.j.a.g.GeneratorApplication [main] Sent message= adId = [2] and timestamp = 28445814
2024-01-31 16:54:37,692 INFO c.j.a.g.GeneratorApplication [main] Sent message= adId = [0] and timestamp = 28445814
2024-01-31 16:54:38,694 INFO c.j.a.g.GeneratorApplication [main] Sent message= adId = [2] and timestamp = 28445814
2024-01-31 16:54:39,695 INFO c.j.a.g.GeneratorApplication [main] Sent message= adId = [2] and timestamp = 28445814
2024-01-31 16:54:40,696 INFO c.j.a.g.GeneratorApplication [main] Sent message= adId = [2] and timestamp = 28445814
2024-01-31 16:54:41,698 INFO c.j.a.g.GeneratorApplication [main] Sent message= adId = [0] and timestamp = 28445814
2024-01-31 16:54:42,699 INFO c.j.a.g.GeneratorApplication [main] Sent message= adId = [0] and timestamp = 28445814
2024-01-31 16:54:43,700 INFO c.j.a.g.GeneratorApplication [main] Sent message= adId = [2] and timestamp = 28445814
2024-01-31 16:54:44,701 INFO c.j.a.g.GeneratorApplication [main] Sent message= adId = [2] and timestamp = 28445814
2024-01-31 16:54:45,702 INFO c.j.a.g.GeneratorApplication [main] Sent message= adId = [1] and timestamp = 28445814
2024-01-31 16:54:46,704 INFO c.j.a.g.GeneratorApplication [main] Sent message= adId = [2] and timestamp = 28445814
2024-01-31 16:54:47,705 INFO c.j.a.g.GeneratorApplication [main] Sent message= adId = [0] and timestamp = 28445814
2024-01-31 16:54:48,706 INFO c.j.a.g.GeneratorApplication [main] Sent message= adId = [2] and timestamp = 28445814
2024-01-31 16:54:49,708 INFO c.j.a.g.GeneratorApplication [main] Sent message= adId = [2] and timestamp = 28445814
2024-01-31 16:54:50,709 INFO c.j.a.g.GeneratorApplication [main] Sent message= adId = [1] and timestamp = 28445814
2024-01-31 16:54:51,711 INFO c.j.a.g.GeneratorApplication [main] Sent message= adId = [1] and timestamp = 28445814
2024-01-31 16:54:52,714 INFO c.j.a.g.GeneratorApplication [main] Sent message= adId = [1] and timestamp = 28445814
2024-01-31 16:54:53,715 INFO c.j.a.g.GeneratorApplication [main] Sent message= adId = [0] and timestamp = 28445814
2024-01-31 16:54:54,716 INFO c.j.a.g.GeneratorApplication [main] Sent message= adId = [0] and timestamp = 28445814
2024-01-31 16:54:55,717 INFO c.j.a.g.GeneratorApplication [main] Sent message= adId = [1] and timestamp = 28445814
2024-01-31 16:54:56,718 INFO c.j.a.g.GeneratorApplication [main] Sent message= adId = [1] and timestamp = 28445814
2024-01-31 16:54:57,720 INFO c.j.a.g.GeneratorApplication [main] Sent message= adId = [2] and timestamp = 28445814
2024-01-31 16:54:58,721 INFO c.j.a.g.GeneratorApplication [main] Sent message= adId = [0] and timestamp = 28445814
2024-01-31 16:54:59,723 INFO c.j.a.g.GeneratorApplication [main] Sent message= adId = [1] and timestamp = 28445814
2024-01-31 16:55:00,724 INFO c.j.a.g.GeneratorApplication [main] Sent message= adId = [0] and timestamp = 28445815
2024-01-31 16:55:01,725 INFO c.j.a.g.GeneratorApplication [main] Sent message= adId = [2] and timestamp = 28445815
2024-01-31 16:55:02,726 INFO c.j.a.g.GeneratorApplication [main] Sent message= adId = [0] and timestamp = 28445815
2024-01-31 16:55:03,728 INFO c.j.a.g.GeneratorApplication [main] Sent message= adId = [1] and timestamp = 28445815
2024-01-31 16:55:04,729 INFO c.j.a.g.GeneratorApplication [main] Sent message= adId = [1] and timestamp = 28445815
2024-01-31 16:55:05,731 INFO c.j.a.g.GeneratorApplication [main] Sent message= adId = [2] and timestamp = 28445815
2024-01-31 16:55:06,732 INFO c.j.a.g.GeneratorApplication [main] Sent message= adId = [2] and timestamp = 28445815
2024-01-31 16:55:07,733 INFO c.j.a.g.GeneratorApplication [main] Sent message= adId = [2] and timestamp = 28445815
2024-01-31 16:55:08,734 INFO c.j.a.g.GeneratorApplication [main] Sent message= adId = [0] and timestamp = 28445815
2024-01-31 16:55:09,736 INFO c.j.a.g.GeneratorApplication [main] Sent message= adId = [2] and timestamp = 28445815
2024-01-31 16:55:10,737 INFO c.j.a.g.GeneratorApplication [main] Sent message= adId = [0] and timestamp = 28445815
2024-01-31 16:55:11,738 INFO c.j.a.g.GeneratorApplication [main] Sent message= adId = [2] and timestamp = 28445815
2024-01-31 16:55:12,739 INFO c.j.a.g.GeneratorApplication [main] Sent message= adId = [2] and timestamp = 28445815
2024-01-31 16:55:13,740 INFO c.j.a.g.GeneratorApplication [main] Sent message= adId = [1] and timestamp = 28445815
2024-01-31 16:55:14,741 INFO c.j.a.g.GeneratorApplication [main] Sent message= adId = [2] and timestamp = 28445815
2024-01-31 16:55:15,742 INFO c.j.a.g.GeneratorApplication [main] Sent message= adId = [1] and timestamp = 28445815
2024-01-31 16:55:16,744 INFO c.j.a.g.GeneratorApplication [main] Sent message= adId = [2] and timestamp = 28445815
2024-01-31 16:55:17,745 INFO c.j.a.g.GeneratorApplication [main] Sent message= adId = [0] and timestamp = 28445815
2024-01-31 16:55:18,746 INFO c.j.a.g.GeneratorApplication [main] Sent message= adId = [0] and timestamp = 28445815
2024-01-31 16:55:19,748 INFO c.j.a.g.GeneratorApplication [main] Sent message= adId = [0] and timestamp = 28445815
2024-01-31 16:55:20,749 INFO c.j.a.g.GeneratorApplication [main] Sent message= adId = [2] and timestamp = 28445815
2024-01-31 16:55:21,751 INFO c.j.a.g.GeneratorApplication [main] Sent message= adId = [1] and timestamp = 28445815
2024-01-31 16:55:22,752 INFO c.j.a.g.GeneratorApplication [main] Sent message= adId = [2] and timestamp = 28445815
2024-01-31 16:55:23,754 INFO c.j.a.g.GeneratorApplication [main] Sent message= adId = [2] and timestamp = 28445815
2024-01-31 16:55:24,755 INFO c.j.a.g.GeneratorApplication [main] Sent message= adId = [1] and timestamp = 28445815
2024-01-31 16:55:25,756 INFO c.j.a.g.GeneratorApplication [main] Sent message= adId = [0] and timestamp = 28445815
2024-01-31 16:55:26,758 INFO c.j.a.g.GeneratorApplication [main] Sent message= adId = [2] and timestamp = 28445815
2024-01-31 16:55:27,759 INFO c.j.a.g.GeneratorApplication [main] Sent message= adId = [0] and timestamp = 28445815
2024-01-31 16:55:28,761 INFO c.j.a.g.GeneratorApplication [main] Sent message= adId = [1] and timestamp = 28445815
2024-01-31 16:55:29,762 INFO c.j.a.g.GeneratorApplication [main] Sent message= adId = [0] and timestamp = 28445815
2024-01-31 16:55:30,764 INFO c.j.a.g.GeneratorApplication [main] Sent message= adId = [1] and timestamp = 28445815
2024-01-31 16:55:31,765 INFO c.j.a.g.GeneratorApplication [main] Sent message= adId = [0] and timestamp = 28445815
2024-01-31 16:55:32,767 INFO c.j.a.g.GeneratorApplication [main] Sent message= adId = [0] and timestamp = 28445815
2024-01-31 16:55:33,768 INFO c.j.a.g.GeneratorApplication [main] Sent message= adId = [2] and timestamp = 28445815
2024-01-31 16:55:34,769 INFO c.j.a.g.GeneratorApplication [main] Sent message= adId = [0] and timestamp = 28445815
2024-01-31 16:55:35,770 INFO c.j.a.g.GeneratorApplication [main] Sent message= adId = [0] and timestamp = 28445815
2024-01-31 16:55:36,772 INFO c.j.a.g.GeneratorApplication [main] Sent message= adId = [0] and timestamp = 28445815
2024-01-31 16:55:37,773 INFO c.j.a.g.GeneratorApplication [main] Sent message= adId = [0] and timestamp = 28445815
2024-01-31 16:55:38,774 INFO c.j.a.g.GeneratorApplication [main] Sent message= adId = [0] and timestamp = 28445815
2024-01-31 16:55:39,776 INFO c.j.a.g.GeneratorApplication [main] Sent message= adId = [1] and timestamp = 28445815
2024-01-31 16:55:40,777 INFO c.j.a.g.GeneratorApplication [main] Sent message= adId = [0] and timestamp = 28445815
2024-01-31 16:55:41,778 INFO c.j.a.g.GeneratorApplication [main] Sent message= adId = [1] and timestamp = 28445815
2024-01-31 16:55:42,780 INFO c.j.a.g.GeneratorApplication [main] Sent message= adId = [2] and timestamp = 28445815
2024-01-31 16:55:43,781 INFO c.j.a.g.GeneratorApplication [main] Sent message= adId = [2] and timestamp = 28445815
2024-01-31 16:55:44,782 INFO c.j.a.g.GeneratorApplication [main] Sent message= adId = [0] and timestamp = 28445815
2024-01-31 16:55:45,784 INFO c.j.a.g.GeneratorApplication [main] Sent message= adId = [1] and timestamp = 28445815
2024-01-31 16:55:46,785 INFO c.j.a.g.GeneratorApplication [main] Sent message= adId = [2] and timestamp = 28445815
2024-01-31 16:55:47,787 INFO c.j.a.g.GeneratorApplication [main] Sent message= adId = [2] and timestamp = 28445815
2024-01-31 16:55:48,789 INFO c.j.a.g.GeneratorApplication [main] Sent message= adId = [1] and timestamp = 28445815
2024-01-31 16:55:49,790 INFO c.j.a.g.GeneratorApplication [main] Sent message= adId = [0] and timestamp = 28445815
2024-01-31 16:55:50,791 INFO c.j.a.g.GeneratorApplication [main] Sent message= adId = [0] and timestamp = 28445815
2024-01-31 16:55:51,793 INFO c.j.a.g.GeneratorApplication [main] Sent message= adId = [2] and timestamp = 28445815
2024-01-31 16:55:52,795 INFO c.j.a.g.GeneratorApplication [main] Sent message= adId = [1] and timestamp = 28445815
2024-01-31 16:55:53,796 INFO c.j.a.g.GeneratorApplication [main] Sent message= adId = [1] and timestamp = 28445815
2024-01-31 16:55:54,798 INFO c.j.a.g.GeneratorApplication [main] Sent message= adId = [0] and timestamp = 28445815
2024-01-31 16:55:55,799 INFO c.j.a.g.GeneratorApplication [main] Sent message= adId = [0] and timestamp = 28445815
2024-01-31 16:55:56,801 INFO c.j.a.g.GeneratorApplication [main] Sent message= adId = [2] and timestamp = 28445815
2024-01-31 16:55:57,802 INFO c.j.a.g.GeneratorApplication [main] Sent message= adId = [0] and timestamp = 28445815
2024-01-31 16:55:58,803 INFO c.j.a.g.GeneratorApplication [main] Sent message= adId = [0] and timestamp = 28445815
2024-01-31 16:55:59,805 INFO c.j.a.g.GeneratorApplication [main] Sent message= adId = [1] and timestamp = 28445815
2024-01-31 16:56:00,806 INFO c.j.a.g.GeneratorApplication [main] Sent message= adId = [0] and timestamp = 28445816
2024-01-31 16:56:01,807 INFO c.j.a.g.GeneratorApplication [main] Sent message= adId = [0] and timestamp = 28445816
2024-01-31 16:56:02,808 INFO c.j.a.g.GeneratorApplication [main] Sent message= adId = [0] and timestamp = 28445816
2024-01-31 16:56:03,809 INFO c.j.a.g.GeneratorApplication [main] Sent message= adId = [0] and timestamp = 28445816
2024-01-31 16:56:04,811 INFO c.j.a.g.GeneratorApplication [main] Sent message= adId = [0] and timestamp = 28445816
2024-01-31 16:56:05,812 INFO c.j.a.g.GeneratorApplication [main] Sent message= adId = [0] and timestamp = 28445816
2024-01-31 16:56:06,813 INFO c.j.a.g.GeneratorApplication [main] Sent message= adId = [2] and timestamp = 28445816
2024-01-31 16:56:07,814 INFO c.j.a.g.GeneratorApplication [main] Sent message= adId = [0] and timestamp = 28445816
2024-01-31 16:56:08,815 INFO c.j.a.g.GeneratorApplication [main] Sent message= adId = [1] and timestamp = 28445816
2024-01-31 16:56:09,816 INFO c.j.a.g.GeneratorApplication [main] Sent message= adId = [1] and timestamp = 28445816
2024-01-31 16:56:10,818 INFO c.j.a.g.GeneratorApplication [main] Sent message= adId = [1] and timestamp = 28445816
2024-01-31 16:56:11,819 INFO c.j.a.g.GeneratorApplication [main] Sent message= adId = [2] and timestamp = 28445816
2024-01-31 16:56:12,820 INFO c.j.a.g.GeneratorApplication [main] Sent message= adId = [0] and timestamp = 28445816
2024-01-31 16:56:13,822 INFO c.j.a.g.GeneratorApplication [main] Sent message= adId = [2] and timestamp = 28445816
2024-01-31 16:56:14,823 INFO c.j.a.g.GeneratorApplication [main] Sent message= adId = [1] and timestamp = 28445816
2024-01-31 16:56:15,825 INFO c.j.a.g.GeneratorApplication [main] Sent message= adId = [1] and timestamp = 28445816
2024-01-31 16:56:16,826 INFO c.j.a.g.GeneratorApplication [main] Sent message= adId = [2] and timestamp = 28445816
2024-01-31 16:56:17,828 INFO c.j.a.g.GeneratorApplication [main] Sent message= adId = [2] and timestamp = 28445816
2024-01-31 16:56:18,829 INFO c.j.a.g.GeneratorApplication [main] Sent message= adId = [1] and timestamp = 28445816
2024-01-31 16:56:19,831 INFO c.j.a.g.GeneratorApplication [main] Sent message= adId = [0] and timestamp = 28445816
2024-01-31 16:56:20,832 INFO c.j.a.g.GeneratorApplication [main] Sent message= adId = [0] and timestamp = 28445816
2024-01-31 16:56:21,834 INFO c.j.a.g.GeneratorApplication [main] Sent message= adId = [0] and timestamp = 28445816
2024-01-31 16:56:22,836 INFO c.j.a.g.GeneratorApplication [main] Sent message= adId = [0] and timestamp = 28445816
2024-01-31 16:56:23,839 INFO c.j.a.g.GeneratorApplication [main] Sent message= adId = [2] and timestamp = 28445816
2024-01-31 16:56:24,841 INFO c.j.a.g.GeneratorApplication [main] Sent message= adId = [2] and timestamp = 28445816
2024-01-31 16:56:25,842 INFO c.j.a.g.GeneratorApplication [main] Sent message= adId = [2] and timestamp = 28445816
2024-01-31 16:56:26,844 INFO c.j.a.g.GeneratorApplication [main] Sent message= adId = [2] and timestamp = 28445816
2024-01-31 16:56:27,846 INFO c.j.a.g.GeneratorApplication [main] Sent message= adId = [0] and timestamp = 28445816
2024-01-31 16:56:28,847 INFO c.j.a.g.GeneratorApplication [main] Sent message= adId = [0] and timestamp = 28445816
2024-01-31 16:56:29,848 INFO c.j.a.g.GeneratorApplication [main] Sent message= adId = [0] and timestamp = 28445816
2024-01-31 16:56:30,850 INFO c.j.a.g.GeneratorApplication [main] Sent message= adId = [2] and timestamp = 28445816
2024-01-31 16:56:31,852 INFO c.j.a.g.GeneratorApplication [main] Sent message= adId = [1] and timestamp = 28445816
2024-01-31 16:56:32,854 INFO c.j.a.g.GeneratorApplication [main] Sent message= adId = [1] and timestamp = 28445816
2024-01-31 16:56:33,856 INFO c.j.a.g.GeneratorApplication [main] Sent message= adId = [2] and timestamp = 28445816
2024-01-31 16:56:34,858 INFO c.j.a.g.GeneratorApplication [main] Sent message= adId = [0] and timestamp = 28445816
2024-01-31 16:56:35,859 INFO c.j.a.g.GeneratorApplication [main] Sent message= adId = [1] and timestamp = 28445816
2024-01-31 16:56:36,862 INFO c.j.a.g.GeneratorApplication [main] Sent message= adId = [1] and timestamp = 28445816
2024-01-31 16:56:37,865 INFO c.j.a.g.GeneratorApplication [main] Sent message= adId = [0] and timestamp = 28445816
2024-01-31 16:56:38,866 INFO c.j.a.g.GeneratorApplication [main] Sent message= adId = [2] and timestamp = 28445816
2024-01-31 16:56:39,867 INFO c.j.a.g.GeneratorApplication [main] Sent message= adId = [2] and timestamp = 28445816
2024-01-31 16:56:40,869 INFO c.j.a.g.GeneratorApplication [main] Sent message= adId = [2] and timestamp = 28445816
2024-01-31 16:56:41,870 INFO c.j.a.g.GeneratorApplication [main] Sent message= adId = [1] and timestamp = 28445816
2024-01-31 16:56:42,872 INFO c.j.a.g.GeneratorApplication [main] Sent message= adId = [2] and timestamp = 28445816
2024-01-31 16:56:43,874 INFO c.j.a.g.GeneratorApplication [main] Sent message= adId = [2] and timestamp = 28445816
2024-01-31 16:56:44,875 INFO c.j.a.g.GeneratorApplication [main] Sent message= adId = [0] and timestamp = 28445816
2024-01-31 16:56:45,876 INFO c.j.a.g.GeneratorApplication [main] Sent message= adId = [0] and timestamp = 28445816
2024-01-31 16:56:46,878 INFO c.j.a.g.GeneratorApplication [main] Sent message= adId = [2] and timestamp = 28445816
2024-01-31 16:56:47,880 INFO c.j.a.g.GeneratorApplication [main] Sent message= adId = [0] and timestamp = 28445816
2024-01-31 16:56:48,883 INFO c.j.a.g.GeneratorApplication [main] Sent message= adId = [1] and timestamp = 28445816
2024-01-31 16:56:49,885 INFO c.j.a.g.GeneratorApplication [main] Sent message= adId = [1] and timestamp = 28445816
2024-01-31 16:56:50,886 INFO c.j.a.g.GeneratorApplication [main] Sent message= adId = [1] and timestamp = 28445816
2024-01-31 16:56:51,888 INFO c.j.a.g.GeneratorApplication [main] Sent message= adId = [1] and timestamp = 28445816
2024-01-31 16:56:52,889 INFO c.j.a.g.GeneratorApplication [main] Sent message= adId = [1] and timestamp = 28445816
2024-01-31 16:56:53,891 INFO c.j.a.g.GeneratorApplication [main] Sent message= adId = [0] and timestamp = 28445816
2024-01-31 16:56:54,892 INFO c.j.a.g.GeneratorApplication [main] Sent message= adId = [2] and timestamp = 28445816
2024-01-31 16:56:55,893 INFO c.j.a.g.GeneratorApplication [main] Sent message= adId = [2] and timestamp = 28445816
2024-01-31 16:56:56,895 INFO c.j.a.g.GeneratorApplication [main] Sent message= adId = [1] and timestamp = 28445816
2024-01-31 16:56:57,896 INFO c.j.a.g.GeneratorApplication [main] Sent message= adId = [0] and timestamp = 28445816
2024-01-31 16:56:58,898 INFO c.j.a.g.GeneratorApplication [main] Sent message= adId = [0] and timestamp = 28445816
2024-01-31 16:56:59,900 INFO c.j.a.g.GeneratorApplication [main] Sent message= adId = [0] and timestamp = 28445816
2024-01-31 16:57:00,902 INFO c.j.a.g.GeneratorApplication [main] Sent message= adId = [2] and timestamp = 28445817
2024-01-31 16:57:01,903 INFO c.j.a.g.GeneratorApplication [main] Sent message= adId = [0] and timestamp = 28445817
2024-01-31 16:57:02,905 INFO c.j.a.g.GeneratorApplication [main] Sent message= adId = [0] and timestamp = 28445817
2024-01-31 16:57:03,906 INFO c.j.a.g.GeneratorApplication [main] Sent message= adId = [1] and timestamp = 28445817
2024-01-31 16:57:04,907 INFO c.j.a.g.GeneratorApplication [main] Sent message= adId = [0] and timestamp = 28445817
2024-01-31 16:57:05,909 INFO c.j.a.g.GeneratorApplication [main] Sent message= adId = [1] and timestamp = 28445817
2024-01-31 16:57:06,910 INFO c.j.a.g.GeneratorApplication [main] Sent message= adId = [1] and timestamp = 28445817
2024-01-31 16:57:07,911 INFO c.j.a.g.GeneratorApplication [main] Sent message= adId = [1] and timestamp = 28445817
2024-01-31 16:57:08,601 INFO o.a.k.c.p.KafkaProducer [SpringApplicationShutdownHook] [Producer clientId=producer-1] Closing the Kafka producer with timeoutMillis = 30000 ms.
2024-01-31 16:57:08,605 INFO o.a.k.c.m.Metrics [SpringApplicationShutdownHook] Metrics scheduler closed
2024-01-31 16:57:08,606 INFO o.a.k.c.m.Metrics [SpringApplicationShutdownHook] Closing reporter org.apache.kafka.common.metrics.JmxReporter
2024-01-31 16:57:08,607 INFO o.a.k.c.m.Metrics [SpringApplicationShutdownHook] Metrics reporters closed
2024-01-31 16:57:08,608 INFO o.a.k.c.u.AppInfoParser [SpringApplicationShutdownHook] App info kafka.producer for producer-1 unregistered
